  3.5.c
D:\GitCode\WKayyy-Code\Project4\Project4\3.5.c(7,17): error C2146: 语法错误: 缺少“)”(在标识符“a”的前面)
D:\GitCode\WKayyy-Code\Project4\Project4\3.5.c(7,8): warning C4473: “scanf”: 没有为格式字符串传递足够的参数
      D:\GitCode\WKayyy-Code\Project4\Project4\3.5.c(7,8):
      占位符和其参数预计 3 可变参数，但提供的却是 0 参数
      D:\GitCode\WKayyy-Code\Project4\Project4\3.5.c(7,8):
      缺失的可变参数 1 为格式字符串“%f”所需
  
D:\GitCode\WKayyy-Code\Project4\Project4\3.5.c(7,24): error C2059: 语法错误:“)”
D:\GitCode\WKayyy-Code\Project4\Project4\3.5.c(10,9): warning C4244: “=”: 从“double”转换到“float”，可能丢失数据
